<?xml version="1.0" encoding="UTF-8"?>
<!-- Generated by org.testng.reporters.JUnitXMLReporter -->
<testsuite hostname="LAPTOP-B30OBVT9" name="Default test" tests="3" failures="0" timestamp="26 Aug 2019 16:41:45 GMT" time="47.26" errors="0">
  <testcase name="verifyTitle" time="0.016" classname="PageOject.NewContactPageTest"/>
  <testcase name="verifyTitleList" time="0.384" classname="PageOject.NewContactPageTest"/>
  <testcase name="verifyFirstName" time="3.555" classname="PageOject.NewContactPageTest"/>
</testsuite> <!-- Default test -->
