<?xml version="1.0" encoding="UTF-8"?>
<!-- Generated by org.testng.reporters.JUnitXMLReporter -->
<testsuite hostname="LAPTOP-B30OBVT9" name="Test" tests="6" failures="1" timestamp="15 Aug 2019 17:05:50 GMT" time="72.218" errors="0">
  <testcase name="validateTheTitle" time="0.098" classname="PageOject.LandingPageTest"/>
  <testcase name="verifyHomePageTitle" time="0.017" classname="PageOject.HomePageTest"/>
  <testcase name="verifyFrameInfo" time="0.171" classname="PageOject.HomePageTest"/>
  <testcase name="verifyNewContact" time="3.078" classname="PageOject.HomePageTest"/>
  <testcase name="verifyTitle" time="0.028" classname="PageOject.NewContactPageTest"/>
  <testcase name="verifyTitleList" time="0.258" classname="PageOject.NewContactPageTest">
    <failure type="java.lang.NullPointerException">
      <![CDATA[java.lang.NullPointerException
	at PageOject.NewContactPage.getDataFromExcel(NewContactPage.java:57)
	at PageOject.NewContactPageTest.verifyTitleList(NewContactPageTest.java:60)
... Removed 24 stack frames]]>
    </failure>
  </testcase> <!-- verifyTitleList -->
</testsuite> <!-- Test -->
