<?xml version="1.0" encoding="UTF-8"?>
<!-- Generated by org.testng.reporters.JUnitXMLReporter -->
<testsuite hostname="LAPTOP-B30OBVT9" name="Test" tests="7" failures="0" timestamp="19 Aug 2019 15:46:16 GMT" time="62.198" errors="0">
  <testcase name="validateTheTitle" time="0.033" classname="PageOject.LandingPageTest"/>
  <testcase name="verifyHomePageTitle" time="0.014" classname="PageOject.HomePageTest"/>
  <testcase name="verifyFrameInfo" time="0.253" classname="PageOject.HomePageTest"/>
  <testcase name="verifyNewContact" time="2.922" classname="PageOject.HomePageTest"/>
  <testcase name="verifyTitle" time="0.01" classname="PageOject.NewContactPageTest"/>
  <testcase name="verifyTitleList" time="0.426" classname="PageOject.NewContactPageTest"/>
  <testcase name="verifyFirstName" time="0.123" classname="PageOject.NewContactPageTest"/>
</testsuite> <!-- Test -->
