<?xml version="1.0" encoding="UTF-8"?>
<testng-results skipped="0" failed="0" total="3" passed="3">
  <reporter-output>
  </reporter-output>
  <suite name="Default suite" duration-ms="47260" started-at="2019-08-26T16:40:58Z" finished-at="2019-08-26T16:41:45Z">
    <groups>
    </groups>
    <test name="Default test" duration-ms="47260" started-at="2019-08-26T16:40:58Z" finished-at="2019-08-26T16:41:45Z">
      <class name="PageOject.NewContactPageTest">
        <test-method status="PASS" signature="init()[pri:0, instance:PageOject.NewContactPageTest@100fc185]" name="init" is-config="true" duration-ms="43282" started-at="2019-08-26T22:10:58Z" finished-at="2019-08-26T22:11:41Z">
          <reporter-output>
          </reporter-output>
        </test-method> <!-- init -->
        <test-method status="PASS" signature="verifyTitle()[pri:0, instance:PageOject.NewContactPageTest@100fc185]" name="verifyTitle" duration-ms="16" started-at="2019-08-26T22:11:41Z" finished-at="2019-08-26T22:11:41Z">
          <reporter-output>
          </reporter-output>
        </test-method> <!-- verifyTitle -->
        <test-method status="PASS" signature="verifyTitleList()[pri:0, instance:PageOject.NewContactPageTest@100fc185]" name="verifyTitleList" duration-ms="384" started-at="2019-08-26T22:11:41Z" finished-at="2019-08-26T22:11:41Z">
          <reporter-output>
          </reporter-output>
        </test-method> <!-- verifyTitleList -->
        <test-method status="PASS" signature="verifyFirstName()[pri:0, instance:PageOject.NewContactPageTest@100fc185]" name="verifyFirstName" duration-ms="3555" started-at="2019-08-26T22:11:41Z" finished-at="2019-08-26T22:11:45Z">
          <reporter-output>
          </reporter-output>
        </test-method> <!-- verifyFirstName -->
      </class> <!-- PageOject.NewContactPageTest -->
    </test> <!-- Default test -->
  </suite> <!-- Default suite -->
</testng-results>
